<?xml version="1.0" encoding="UTF-8" ?>
<testsuite errors="0" failures="0" hostname="VictorsLaptop" name="workernode.WorkerNodeTest" skipped="0" tests="5" time="0.094" timestamp="2024-05-07T18:23:36">
  <properties>
[...]
</properties>
  <testcase classname="workernode.WorkerNodeTest" name="registerWithLbSuccess" time="0.019" />
  <testcase classname="workernode.WorkerNodeTest" name="registerWithLbFailure" time="0.0" />
  <testcase classname="workernode.WorkerNodeTest" name="threadTest" time="0.001" />
  <testcase classname="workernode.WorkerNodeTest" name="SendToJobQueue" time="0.0" />
  <testcase classname="workernode.WorkerNodeTest" name="testConfig" time="0.001" />
  <system-out><![CDATA[]]></system-out>
  <system-err><![CDATA[]]></system-err>
</testsuite>
